<?xml version="1.0" encoding="UTF-8"?>
<!-- Generated by org.testng.reporters.JUnitReportReporter -->
<testsuite hostname="DESKTOP-KHVMTIT" failures="0" tests="1" name="Testcases.branch" time="2.408" errors="0" timestamp="2022-09-12T21:10:54 IST" skipped="0">
  <testcase classname="Testcases.branch" name="launchChrome" time="2.408"/>
  <system-out/>
</testsuite> <!-- Testcases.branch -->
