<?xml version="1.0" encoding="UTF-8"?>
<!-- Generated by org.testng.reporters.JUnitReportReporter -->
<testsuite hostname="DESKTOP-KHVMTIT" failures="0" tests="1" name="Testcases.launch" time="9.029" errors="0" timestamp="2022-09-11T22:46:51 IST" skipped="0">
  <testcase classname="Testcases.launch" name="launchDriver" time="9.029"/>
  <system-out/>
</testsuite> <!-- Testcases.launch -->
